<?xml version="1.0" encoding="UTF-8"?>
<!-- Generated by org.testng.reporters.JUnitReportReporter -->
<testsuite hostname="DESKTOP-6OC4MF1" failures="0" tests="9" name="com.mymedsysproject.testcases.DashboardPageTest" time="176.149" errors="0" timestamp="2023-09-07T02:03:26 WAT" skipped="0">
  <testcase classname="com.mymedsysproject.testcases.DashboardPageTest" name="newpatientbtn" time="21.793"/>
  <testcase classname="com.mymedsysproject.testcases.DashboardPageTest" name="clickOndashboardBellicon" time="22.331"/>
  <testcase classname="com.mymedsysproject.testcases.DashboardPageTest" name="managePatient" time="20.390"/>
  <testcase classname="com.mymedsysproject.testcases.DashboardPageTest" name="userAccountSignOutBtn" time="25.347"/>
  <testcase classname="com.mymedsysproject.testcases.DashboardPageTest" name="profileAccount" time="16.277"/>
  <testcase classname="com.mymedsysproject.testcases.DashboardPageTest" name="verifyDashboardLogo" time="21.737"/>
  <testcase classname="com.mymedsysproject.testcases.DashboardPageTest" name="headerpatientbtn" time="15.942"/>
  <testcase classname="com.mymedsysproject.testcases.DashboardPageTest" name="selectPatientDropdown" time="17.896"/>
  <testcase classname="com.mymedsysproject.testcases.DashboardPageTest" name="patientsearch" time="14.436"/>
</testsuite> <!-- com.mymedsysproject.testcases.DashboardPageTest -->
