<?xml version="1.0" encoding="UTF-8"?>
<!-- Generated by org.testng.reporters.JUnitReportReporter -->
<testsuite hostname="DESKTOP-6OC4MF1" failures="0" tests="9" name="com.mymedsysproject.testcases.DashboardPageTest" time="178.525" errors="0" timestamp="2023-09-11T00:49:53 WAT" skipped="0">
  <testcase classname="com.mymedsysproject.testcases.DashboardPageTest" name="verifyDashboardLogo" time="23.570"/>
  <testcase classname="com.mymedsysproject.testcases.DashboardPageTest" name="managePatient" time="19.567"/>
  <testcase classname="com.mymedsysproject.testcases.DashboardPageTest" name="newpatientbtn" time="19.451"/>
  <testcase classname="com.mymedsysproject.testcases.DashboardPageTest" name="profileAccount" time="18.045"/>
  <testcase classname="com.mymedsysproject.testcases.DashboardPageTest" name="selectPatientDropdown" time="16.033"/>
  <testcase classname="com.mymedsysproject.testcases.DashboardPageTest" name="clickOndashboardBellicon" time="18.025"/>
  <testcase classname="com.mymedsysproject.testcases.DashboardPageTest" name="userAccountSignOutBtn" time="22.221"/>
  <testcase classname="com.mymedsysproject.testcases.DashboardPageTest" name="patientsearch" time="20.390"/>
  <testcase classname="com.mymedsysproject.testcases.DashboardPageTest" name="headerpatientbtn" time="21.223"/>
</testsuite> <!-- com.mymedsysproject.testcases.DashboardPageTest -->
