<?xml version="1.0" encoding="UTF-8"?>
<!-- Generated by org.testng.reporters.JUnitReportReporter -->
<testsuite hostname="DESKTOP-6OC4MF1" failures="0" tests="1" name="com.utility.Log" time="0.013" errors="0" timestamp="2023-08-27T03:40:46 WAT" skipped="0">
  <testcase classname="com.utility.Log" name="test" time="0.013"/>
</testsuite> <!-- com.utility.Log -->
